{"C:\\Users\\ling\\Desktop\\zxw\\demo\\lodash\\test\\index.js": {"path":"C:\\Users\\ling\\Desktop\\zxw\\demo\\lodash\\test\\index.js","statementMap":{"0":{"start":{"line":2,"column":2},"end":{"line":2,"column":41}},"1":{"start":{"line":6,"column":2},"end":{"line":6,"column":41}},"2":{"start":{"line":9,"column":0},"end":{"line":12,"column":1}}},"fnMap":{"0":{"name":"test1","decl":{"start":{"line":1,"column":9},"end":{"line":1,"column":14}},"loc":{"start":{"line":1,"column":23},"end":{"line":3,"column":1}},"line":1},"1":{"name":"test2","decl":{"start":{"line":5,"column":9},"end":{"line":5,"column":14}},"loc":{"start":{"line":5,"column":23},"end":{"line":7,"column":1}},"line":5}},"branchMap":{"0":{"loc":{"start":{"line":2,"column":9},"end":{"line":2,"column":41}},"type":"cond-expr","locations":[{"start":{"line":2,"column":24},"end":{"line":2,"column":29}},{"start":{"line":2,"column":32},"end":{"line":2,"column":41}}],"line":2},"1":{"loc":{"start":{"line":6,"column":9},"end":{"line":6,"column":41}},"type":"cond-expr","locations":[{"start":{"line":6,"column":25},"end":{"line":6,"column":29}},{"start":{"line":6,"column":32},"end":{"line":6,"column":41}}],"line":6}},"s":{"0":1,"1":1,"2":1},"f":{"0":1,"1":1},"b":{"0":[1,0],"1":[0,1]},"_coverageSchema":"43e27e138ebf9cfc5966b082cf9a028302ed4184","hash":"06eb9711374150f07d98999f884c5a14ba96c32d"}
}
